<?xml version="1.0" encoding="UTF-8"?>
<!-- Generated by org.testng.reporters.JUnitReportReporter -->
<testsuite hostname="developer2-PC" name="com.teletech.test.Sample_Hibernate" tests="1" failures="0" timestamp="14 Feb 2015 20:30:36 GMT" time="2.693" errors="0">
  <testcase name="SampleTest" time="2.693" classname="com.teletech.test.Sample_Hibernate"/>
</testsuite> <!-- com.teletech.test.Sample_Hibernate -->
