<?xml version="1.0" encoding="UTF-8"?>
<!-- Generated by org.testng.reporters.JUnitReportReporter -->
<testsuite hostname="developer2-PC" name="com.teletech.test.TeletechTest" tests="1" failures="0" timestamp="14 Feb 2015 21:16:34 GMT" time="3.700" errors="0">
  <testcase name="teletechBasicTestDataCreation" time="3.700" classname="com.teletech.test.TeletechTest"/>
</testsuite> <!-- com.teletech.test.TeletechTest -->
